

Microchip MPLAB XC8 Assembler V2.10 build 88905656 
                                                                                               Sat Mar 28 13:31:09 2020

Microchip MPLAB XC8 C Compiler v2.10 (Free license) build 20190730164152 Og1 
     1                           	processor	18F43K22
     2                           	fnconf	rparam,??,?,0
     3                           	opt	pw 120
     4                           	opt	flic
     5                           	psect	nvCOMRAM,global,class=COMRAM,space=1,delta=1,noexec
     6                           	psect	cinit,global,reloc=2,class=CODE,delta=1
     7                           	psect	bssCOMRAM,global,class=COMRAM,space=1,delta=1,noexec
     8                           	psect	cstackCOMRAM,global,class=COMRAM,space=1,delta=1,noexec
     9                           	psect	text0,global,reloc=2,class=CODE,delta=1
    10                           	psect	text1,global,reloc=2,class=CODE,delta=1
    11                           	psect	text2,global,reloc=2,class=CODE,delta=1
    12                           	psect	text3,global,reloc=2,class=CODE,delta=1
    13                           	psect	text4,global,reloc=2,class=CODE,delta=1
    14                           	psect	text5,global,reloc=2,class=CODE,delta=1
    15                           	psect	text6,global,reloc=2,class=CODE,delta=1
    16                           	psect	text7,global,reloc=2,class=CODE,delta=1
    17                           	psect	text8,global,reloc=2,class=CODE,delta=1
    18                           	psect	text9,global,reloc=2,class=CODE,delta=1
    19                           	psect	text10,global,reloc=2,class=CODE,delta=1
    20                           	psect	text11,global,reloc=2,class=CODE,delta=1
    21                           	psect	text12,global,reloc=2,class=CODE,delta=1
    22                           	psect	text13,global,reloc=2,class=CODE,delta=1
    23                           	psect	text14,global,reloc=2,class=CODE,delta=1
    24                           	psect	text15,global,reloc=2,class=CODE,delta=1
    25                           	psect	intcode,global,reloc=2,class=CODE,delta=1
    26                           	psect	text17,global,reloc=2,class=CODE,delta=1
    27                           	psect	intsave_regs,global,class=BIGRAM,space=1,delta=1,noexec
    28                           	psect	rparam,global,class=COMRAM,space=1,delta=1,noexec
    29                           	psect	temp,global,ovrld,common,class=COMRAM,space=1,delta=1
    30  0000                     
    31                           ; Version 2.10
    32                           ; Generated 31/07/2019 GMT
    33                           ; 
    34                           ; Copyright © 2019, Microchip Technology Inc. and its subsidiaries ("Microchip")
    35                           ; All rights reserved.
    36                           ; 
    37                           ; This software is developed by Microchip Technology Inc. and its subsidiaries ("Microch
      +                          ip").
    38                           ; 
    39                           ; Redistribution and use in source and binary forms, with or without modification, are
    40                           ; permitted provided that the following conditions are met:
    41                           ; 
    42                           ;     1. Redistributions of source code must retain the above copyright notice, this lis
      +                          t of
    43                           ;        conditions and the following disclaimer.
    44                           ; 
    45                           ;     2. Redistributions in binary form must reproduce the above copyright notice, this 
      +                          list
    46                           ;        of conditions and the following disclaimer in the documentation and/or other
    47                           ;        materials provided with the distribution.
    48                           ; 
    49                           ;     3. Microchip's name may not be used to endorse or promote products derived from th
      +                          is
    50                           ;        software without specific prior written permission.
    51                           ; 
    52                           ; THIS SOFTWARE IS PROVIDED BY MICROCHIP "AS IS" AND ANY EXPRESS OR IMPLIED WARRANTIES,
    53                           ; INCLUDING, BUT NOT LIMITED TO, THE IMPLIED WARRANTIES OF MERCHANTABILITY AND FITNESS F
      +                          OR
    54                           ; PURPOSE ARE DISCLAIMED.  IN NO EVENT SHALL MICROCHIP BE LIABLE FOR ANY DIRECT, INDIREC
      +                          T,
    55                           ; INCIDENTAL, SPECIAL, EXEMPLARY, OR CONSEQUENTIAL DAMAGES (INCLUDING BUT NOT LIMITED TO
    56                           ; PROCUREMENT OF SUBSTITUTE GOODS OR SERVICES; LOSS OF USE, DATA OR PROFITS; OR BUSINESS
    57                           ; INTERRUPTION) HOWSOEVER CAUSED AND ON ANY THEORY OF LIABILITY, WHETHER IN CONTRACT, ST
      +                          RICT
    58                           ; LIABILITY, OR TORT (INCLUDING NEGLIGENCE OR OTHERWISE) ARISING IN ANY WAY OUT OF THE U
      +                          SE OF
    59                           ; THIS SOFTWARE, EVEN IF ADVISED OF THE POSSIBILITY OF SUCH DAMAGE.
    60                           ; 
    61                           ; 
    62                           ; Code-generator required, PIC18F43K22 Definitions
    63                           ; 
    64                           ; SFR Addresses
    65  0000                     
    66 ;; Function _EUSART1_DefaultFramingErrorHandler is unused but had its address taken
    67  0000                     
    68 ;; Function _EUSART1_DefaultOverrunErrorHandler is unused but had its address taken
    69  0000                     
    70 ;; Function _EUSART1_DefaultErrorHandler is unused but had its address taken
    71  0000                     
    72 ;; Function _EUSART2_DefaultFramingErrorHandler is unused but had its address taken
    73  0000                     
    74 ;; Function _EUSART2_DefaultOverrunErrorHandler is unused but had its address taken
    75  0000                     
    76 ;; Function _EUSART2_DefaultErrorHandler is unused but had its address taken
    77  0000                     
    78                           	psect	nvCOMRAM
    79  000001                     __pnvCOMRAM:
    80                           	opt callstack 0
    81  000001                     _EUSART2_ErrorHandler:
    82                           	opt callstack 0
    83  000001                     	ds	2
    84  000003                     _EUSART2_OverrunErrorHandler:
    85                           	opt callstack 0
    86  000003                     	ds	2
    87  000005                     _EUSART2_FramingErrorHandler:
    88                           	opt callstack 0
    89  000005                     	ds	2
    90  000007                     _EUSART1_ErrorHandler:
    91                           	opt callstack 0
    92  000007                     	ds	2
    93  000009                     _EUSART1_OverrunErrorHandler:
    94                           	opt callstack 0
    95  000009                     	ds	2
    96  00000B                     _EUSART1_FramingErrorHandler:
    97                           	opt callstack 0
    98  00000B                     	ds	2
    99  0000                     _ANSELA	set	3896
   100  0000                     _ANSELE	set	3900
   101  0000                     _ANSELB	set	3897
   102  0000                     _ANSELC	set	3898
   103  0000                     _ANSELD	set	3899
   104  0000                     _TXREG2	set	3955
   105  0000                     _RCREG2	set	3956
   106  0000                     _RCSTA2bits	set	3953
   107  0000                     _TXSTA2bits	set	3954
   108  0000                     _PIR3bits	set	4004
   109  0000                     _SPBRGH2	set	3958
   110  0000                     _SPBRG2	set	3957
   111  0000                     _TXSTA2	set	3954
   112  0000                     _RCSTA2	set	3953
   113  0000                     _BAUDCON2	set	3952
   114  0000                     _INTCON2bits	set	4081
   115  0000                     _WPUB	set	3937
   116  0000                     _TRISD	set	3989
   117  0000                     _TRISC	set	3988
   118  0000                     _TRISB	set	3987
   119  0000                     _TRISA	set	3986
   120  0000                     _TRISE	set	3990
   121  0000                     _LATC	set	3979
   122  0000                     _LATB	set	3978
   123  0000                     _LATA	set	3977
   124  0000                     _LATD	set	3980
   125  0000                     _LATE	set	3981
   126  0000                     _OSCTUNE	set	3995
   127  0000                     _OSCCON2	set	4050
   128  0000                     _OSCCON	set	4051
   129  0000                     _INTCONbits	set	4082
   130  0000                     _RCONbits	set	4048
   131  0000                     _TXREG1	set	4013
   132  0000                     _RCREG1	set	4014
   133  0000                     _RCSTA1bits	set	4011
   134  0000                     _TXSTA1bits	set	4012
   135  0000                     _PIR1bits	set	3998
   136  0000                     _SPBRGH1	set	4016
   137  0000                     _SPBRG1	set	4015
   138  0000                     _TXSTA1	set	4012
   139  0000                     _RCSTA1	set	4011
   140  0000                     _BAUDCON1	set	4024
   141                           
   142                           ; #config settings
   143  0000                     
   144                           	psect	cinit
   145  0001B0                     __pcinit:
   146                           	opt callstack 0
   147  0001B0                     start_initialization:
   148                           	opt callstack 0
   149  0001B0                     __initialization:
   150                           	opt callstack 0
   151                           
   152                           ; Clear objects allocated to COMRAM (2 bytes)
   153  0001B0  6A1A               	clrf	(__pbssCOMRAM+1)& (0+255),c
   154  0001B2  6A19               	clrf	__pbssCOMRAM& (0+255),c
   155  0001B4                     end_of_initialization:
   156                           	opt callstack 0
   157  0001B4                     __end_of__initialization:
   158                           	opt callstack 0
   159  0001B4  901B               	bcf	int$flags,0,c	;clear compiler interrupt flag (level 1)
   160  0001B6  921B               	bcf	int$flags,1,c	;clear compiler interrupt flag (level 2)
   161  0001B8  0E00               	movlw	low (__Lmediumconst shr (0+16))
   162  0001BA  6EF8               	movwf	tblptru,c
   163  0001BC  0100               	movlb	0
   164  0001BE  EF19  F000         	goto	_main	;jump to C main() function
   165                           
   166                           	psect	bssCOMRAM
   167  000019                     __pbssCOMRAM:
   168                           	opt callstack 0
   169  000019                     _eusart2RxLastError:
   170                           	opt callstack 0
   171  000019                     	ds	1
   172  00001A                     _eusart1RxLastError:
   173                           	opt callstack 0
   174  00001A                     	ds	1
   175                           
   176                           	psect	cstackCOMRAM
   177  00000D                     __pcstackCOMRAM:
   178                           	opt callstack 0
   179  00000D                     EUSART1_Write@txData:
   180                           	opt callstack 0
   181  00000D                     EUSART2_Write@txData:
   182                           	opt callstack 0
   183  00000D                     EUSART1_SetFramingErrorHandler@interruptHandler:
   184                           	opt callstack 0
   185  00000D                     EUSART1_SetOverrunErrorHandler@interruptHandler:
   186                           	opt callstack 0
   187  00000D                     EUSART1_SetErrorHandler@interruptHandler:
   188                           	opt callstack 0
   189  00000D                     EUSART2_SetFramingErrorHandler@interruptHandler:
   190                           	opt callstack 0
   191  00000D                     EUSART2_SetOverrunErrorHandler@interruptHandler:
   192                           	opt callstack 0
   193  00000D                     EUSART2_SetErrorHandler@interruptHandler:
   194                           	opt callstack 0
   195                           
   196                           ; 2 bytes @ 0x0
   197  00000D                     	ds	2
   198  00000F                     main@rec_data:
   199                           	opt callstack 0
   200                           
   201                           ; 10 bytes @ 0x2
   202  00000F                     	ds	10
   203                           
   204 ;;
   205 ;;Main: autosize = 0, tempsize = 0, incstack = 0, save=0
   206 ;;
   207 ;; *************** function _main *****************
   208 ;; Defined at:
   209 ;;		line 50 in file "main.c"
   210 ;; Parameters:    Size  Location     Type
   211 ;;		None
   212 ;; Auto vars:     Size  Location     Type
   213 ;;  rec_data       10    2[COMRAM] unsigned char [10]
   214 ;; Return value:  Size  Location     Type
   215 ;;                  1    wreg      void 
   216 ;; Registers used:
   217 ;;		wreg, status,2, status,0, cstack
   218 ;; Tracked objects:
   219 ;;		On entry : 0/0
   220 ;;		On exit  : 0/0
   221 ;;		Unchanged: 0/0
   222 ;; Data sizes:     COMRAM   BANK0   BANK1
   223 ;;      Params:         0       0       0
   224 ;;      Locals:        10       0       0
   225 ;;      Temps:          0       0       0
   226 ;;      Totals:        10       0       0
   227 ;;Total ram usage:       10 bytes
   228 ;; Hardware stack levels required when called:    5
   229 ;; This function calls:
   230 ;;		_EUSART1_Read
   231 ;;		_EUSART1_Write
   232 ;;		_EUSART2_Write
   233 ;;		_SYSTEM_Initialize
   234 ;; This function is called by:
   235 ;;		Startup code after reset
   236 ;; This function uses a non-reentrant model
   237 ;;
   238                           
   239                           	psect	text0
   240  000032                     __ptext0:
   241                           	opt callstack 0
   242  000032                     _main:
   243                           	opt callstack 26
   244  000032                     
   245                           ;main.c: 53:     SYSTEM_Initialize();
   246  000032  ECB7  F000         	call	_SYSTEM_Initialize	;wreg free
   247  000036                     
   248                           ;main.c: 55:     char rec_data[10];;main.c: 73:     EUSART1_Write('A');
   249  000036  0E41               	movlw	65
   250  000038  ECCD  F000         	call	_EUSART1_Write
   251  00003C                     
   252                           ;main.c: 74:     EUSART1_Write('T');
   253  00003C  0E54               	movlw	84
   254  00003E  ECCD  F000         	call	_EUSART1_Write
   255  000042                     
   256                           ;main.c: 75:     EUSART1_Write('\r');
   257  000042  0E0D               	movlw	13
   258  000044  ECCD  F000         	call	_EUSART1_Write
   259  000048                     
   260                           ;main.c: 76:     EUSART1_Write('\n');
   261  000048  0E0A               	movlw	10
   262  00004A  ECCD  F000         	call	_EUSART1_Write
   263  00004E                     
   264                           ;main.c: 78:     rec_data[0] = EUSART1_Read();
   265  00004E  ECA3  F000         	call	_EUSART1_Read	;wreg free
   266  000052  6E0F               	movwf	main@rec_data^0,c
   267  000054                     
   268                           ;main.c: 79:     rec_data[1] = EUSART1_Read();
   269  000054  ECA3  F000         	call	_EUSART1_Read	;wreg free
   270  000058  6E10               	movwf	(main@rec_data+1)^0,c
   271  00005A                     
   272                           ;main.c: 80:     rec_data[2] = EUSART1_Read();
   273  00005A  ECA3  F000         	call	_EUSART1_Read	;wreg free
   274  00005E  6E11               	movwf	(main@rec_data+2)^0,c
   275  000060                     
   276                           ;main.c: 81:     rec_data[3] = EUSART1_Read();
   277  000060  ECA3  F000         	call	_EUSART1_Read	;wreg free
   278  000064  6E12               	movwf	(main@rec_data+3)^0,c
   279  000066                     
   280                           ;main.c: 84:     EUSART2_Write(rec_data[0]);
   281  000066  500F               	movf	main@rec_data^0,w,c
   282  000068  ECC2  F000         	call	_EUSART2_Write
   283  00006C                     
   284                           ;main.c: 85:     EUSART2_Write(rec_data[1]);
   285  00006C  5010               	movf	(main@rec_data+1)^0,w,c
   286  00006E  ECC2  F000         	call	_EUSART2_Write
   287  000072                     
   288                           ;main.c: 86:     EUSART2_Write(rec_data[2]);
   289  000072  5011               	movf	(main@rec_data+2)^0,w,c
   290  000074  ECC2  F000         	call	_EUSART2_Write
   291  000078                     
   292                           ;main.c: 87:     EUSART2_Write(rec_data[3]);
   293  000078  5012               	movf	(main@rec_data+3)^0,w,c
   294  00007A  ECC2  F000         	call	_EUSART2_Write
   295  00007E                     l13:
   296  00007E  EF3F  F000         	goto	l13
   297  000082  EF17  F000         	goto	start
   298  000086                     __end_of_main:
   299                           	opt callstack 0
   300                           
   301 ;; *************** function _SYSTEM_Initialize *****************
   302 ;; Defined at:
   303 ;;		line 50 in file "mcc_generated_files/mcc.c"
   304 ;; Parameters:    Size  Location     Type
   305 ;;		None
   306 ;; Auto vars:     Size  Location     Type
   307 ;;		None
   308 ;; Return value:  Size  Location     Type
   309 ;;                  1    wreg      void 
   310 ;; Registers used:
   311 ;;		wreg, status,2, status,0, cstack
   312 ;; Tracked objects:
   313 ;;		On entry : 0/0
   314 ;;		On exit  : 0/0
   315 ;;		Unchanged: 0/0
   316 ;; Data sizes:     COMRAM   BANK0   BANK1
   317 ;;      Params:         0       0       0
   318 ;;      Locals:         0       0       0
   319 ;;      Temps:          0       0       0
   320 ;;      Totals:         0       0       0
   321 ;;Total ram usage:        0 bytes
   322 ;; Hardware stack levels used:    1
   323 ;; Hardware stack levels required when called:    4
   324 ;; This function calls:
   325 ;;		_EUSART1_Initialize
   326 ;;		_EUSART2_Initialize
   327 ;;		_INTERRUPT_Initialize
   328 ;;		_OSCILLATOR_Initialize
   329 ;;		_PIN_MANAGER_Initialize
   330 ;; This function is called by:
   331 ;;		_main
   332 ;; This function uses a non-reentrant model
   333 ;;
   334                           
   335                           	psect	text1
   336  00016E                     __ptext1:
   337                           	opt callstack 0
   338  00016E                     _SYSTEM_Initialize:
   339                           	opt callstack 26
   340  00016E                     
   341                           ;mcc_generated_files/mcc.c: 53:     INTERRUPT_Initialize();
   342  00016E  EC06  F001         	call	_INTERRUPT_Initialize	;wreg free
   343  000172                     
   344                           ;mcc_generated_files/mcc.c: 54:     PIN_MANAGER_Initialize();
   345  000172  EC43  F000         	call	_PIN_MANAGER_Initialize	;wreg free
   346  000176                     
   347                           ;mcc_generated_files/mcc.c: 55:     OSCILLATOR_Initialize();
   348  000176  ECE1  F000         	call	_OSCILLATOR_Initialize	;wreg free
   349  00017A                     
   350                           ;mcc_generated_files/mcc.c: 56:     EUSART1_Initialize();
   351  00017A  EC84  F000         	call	_EUSART1_Initialize	;wreg free
   352  00017E                     
   353                           ;mcc_generated_files/mcc.c: 57:     EUSART2_Initialize();
   354  00017E  EC65  F000         	call	_EUSART2_Initialize	;wreg free
   355  000182  0012               	return		;funcret
   356  000184                     __end_of_SYSTEM_Initialize:
   357                           	opt callstack 0
   358                           
   359 ;; *************** function _PIN_MANAGER_Initialize *****************
   360 ;; Defined at:
   361 ;;		line 55 in file "mcc_generated_files/pin_manager.c"
   362 ;; Parameters:    Size  Location     Type
   363 ;;		None
   364 ;; Auto vars:     Size  Location     Type
   365 ;;		None
   366 ;; Return value:  Size  Location     Type
   367 ;;                  1    wreg      void 
   368 ;; Registers used:
   369 ;;		wreg, status,2
   370 ;; Tracked objects:
   371 ;;		On entry : 0/0
   372 ;;		On exit  : 0/0
   373 ;;		Unchanged: 0/0
   374 ;; Data sizes:     COMRAM   BANK0   BANK1
   375 ;;      Params:         0       0       0
   376 ;;      Locals:         0       0       0
   377 ;;      Temps:          0       0       0
   378 ;;      Totals:         0       0       0
   379 ;;Total ram usage:        0 bytes
   380 ;; Hardware stack levels used:    1
   381 ;; Hardware stack levels required when called:    2
   382 ;; This function calls:
   383 ;;		Nothing
   384 ;; This function is called by:
   385 ;;		_SYSTEM_Initialize
   386 ;; This function uses a non-reentrant model
   387 ;;
   388                           
   389                           	psect	text2
   390  000086                     __ptext2:
   391                           	opt callstack 0
   392  000086                     _PIN_MANAGER_Initialize:
   393                           	opt callstack 27
   394  000086                     
   395                           ;mcc_generated_files/pin_manager.c: 60:     LATE = 0x00;
   396  000086  0E00               	movlw	0
   397  000088  6E8D               	movwf	141,c	;volatile
   398                           
   399                           ;mcc_generated_files/pin_manager.c: 61:     LATD = 0x00;
   400  00008A  0E00               	movlw	0
   401  00008C  6E8C               	movwf	140,c	;volatile
   402                           
   403                           ;mcc_generated_files/pin_manager.c: 62:     LATA = 0x00;
   404  00008E  0E00               	movlw	0
   405  000090  6E89               	movwf	137,c	;volatile
   406                           
   407                           ;mcc_generated_files/pin_manager.c: 63:     LATB = 0x00;
   408  000092  0E00               	movlw	0
   409  000094  6E8A               	movwf	138,c	;volatile
   410                           
   411                           ;mcc_generated_files/pin_manager.c: 64:     LATC = 0x00;
   412  000096  0E00               	movlw	0
   413  000098  6E8B               	movwf	139,c	;volatile
   414                           
   415                           ;mcc_generated_files/pin_manager.c: 69:     TRISE = 0x07;
   416  00009A  0E07               	movlw	7
   417  00009C  6E96               	movwf	150,c	;volatile
   418  00009E                     
   419                           ;mcc_generated_files/pin_manager.c: 70:     TRISA = 0xFF;
   420  00009E  6892               	setf	146,c	;volatile
   421  0000A0                     
   422                           ;mcc_generated_files/pin_manager.c: 71:     TRISB = 0xFF;
   423  0000A0  6893               	setf	147,c	;volatile
   424                           
   425                           ;mcc_generated_files/pin_manager.c: 72:     TRISC = 0xBF;
   426  0000A2  0EBF               	movlw	191
   427  0000A4  6E94               	movwf	148,c	;volatile
   428                           
   429                           ;mcc_generated_files/pin_manager.c: 73:     TRISD = 0xBF;
   430  0000A6  0EBF               	movlw	191
   431  0000A8  6E95               	movwf	149,c	;volatile
   432                           
   433                           ;mcc_generated_files/pin_manager.c: 78:     ANSELD = 0x3F;
   434  0000AA  0E3F               	movlw	63
   435  0000AC  010F               	movlb	15	; () banked
   436  0000AE  6F3B               	movwf	59,b	;volatile
   437                           
   438                           ;mcc_generated_files/pin_manager.c: 79:     ANSELC = 0x3C;
   439  0000B0  0E3C               	movlw	60
   440  0000B2  6F3A               	movwf	58,b	;volatile
   441                           
   442                           ;mcc_generated_files/pin_manager.c: 80:     ANSELB = 0x3F;
   443  0000B4  0E3F               	movlw	63
   444  0000B6  6F39               	movwf	57,b	;volatile
   445                           
   446                           ;mcc_generated_files/pin_manager.c: 81:     ANSELE = 0x07;
   447  0000B8  0E07               	movlw	7
   448  0000BA  6F3C               	movwf	60,b	;volatile
   449                           
   450                           ;mcc_generated_files/pin_manager.c: 82:     ANSELA = 0x2F;
   451  0000BC  0E2F               	movlw	47
   452  0000BE  6F38               	movwf	56,b	;volatile
   453                           
   454                           ;mcc_generated_files/pin_manager.c: 87:     WPUB = 0x00;
   455  0000C0  0E00               	movlw	0
   456  0000C2  6E61               	movwf	97,c	;volatile
   457  0000C4                     
   458                           ; BSR set to: 15
   459                           ;mcc_generated_files/pin_manager.c: 88:     INTCON2bits.nRBPU = 1;
   460  0000C4  8EF1               	bsf	241,7,c	;volatile
   461  0000C6                     
   462                           ; BSR set to: 15
   463                           ;mcc_generated_files/pin_manager.c: 97:     INTCONbits.RBIE = 1;
   464  0000C6  86F2               	bsf	242,3,c	;volatile
   465  0000C8                     
   466                           ; BSR set to: 15
   467  0000C8  0012               	return		;funcret
   468  0000CA                     __end_of_PIN_MANAGER_Initialize:
   469                           	opt callstack 0
   470                           
   471 ;; *************** function _OSCILLATOR_Initialize *****************
   472 ;; Defined at:
   473 ;;		line 60 in file "mcc_generated_files/mcc.c"
   474 ;; Parameters:    Size  Location     Type
   475 ;;		None
   476 ;; Auto vars:     Size  Location     Type
   477 ;;		None
   478 ;; Return value:  Size  Location     Type
   479 ;;                  1    wreg      void 
   480 ;; Registers used:
   481 ;;		wreg, status,2
   482 ;; Tracked objects:
   483 ;;		On entry : 0/0
   484 ;;		On exit  : 0/0
   485 ;;		Unchanged: 0/0
   486 ;; Data sizes:     COMRAM   BANK0   BANK1
   487 ;;      Params:         0       0       0
   488 ;;      Locals:         0       0       0
   489 ;;      Temps:          0       0       0
   490 ;;      Totals:         0       0       0
   491 ;;Total ram usage:        0 bytes
   492 ;; Hardware stack levels used:    1
   493 ;; Hardware stack levels required when called:    2
   494 ;; This function calls:
   495 ;;		Nothing
   496 ;; This function is called by:
   497 ;;		_SYSTEM_Initialize
   498 ;; This function uses a non-reentrant model
   499 ;;
   500                           
   501                           	psect	text3
   502  0001C2                     __ptext3:
   503                           	opt callstack 0
   504  0001C2                     _OSCILLATOR_Initialize:
   505                           	opt callstack 27
   506  0001C2                     
   507                           ;mcc_generated_files/mcc.c: 63:     OSCCON = 0x10;
   508  0001C2  0E10               	movlw	16
   509  0001C4  6ED3               	movwf	211,c	;volatile
   510                           
   511                           ;mcc_generated_files/mcc.c: 65:     OSCCON2 = 0x14;
   512  0001C6  0E14               	movlw	20
   513  0001C8  6ED2               	movwf	210,c	;volatile
   514                           
   515                           ;mcc_generated_files/mcc.c: 67:     OSCTUNE = 0x00;
   516  0001CA  0E00               	movlw	0
   517  0001CC  6E9B               	movwf	155,c	;volatile
   518  0001CE  0012               	return		;funcret
   519  0001D0                     __end_of_OSCILLATOR_Initialize:
   520                           	opt callstack 0
   521                           
   522 ;; *************** function _INTERRUPT_Initialize *****************
   523 ;; Defined at:
   524 ;;		line 52 in file "mcc_generated_files/interrupt_manager.c"
   525 ;; Parameters:    Size  Location     Type
   526 ;;		None
   527 ;; Auto vars:     Size  Location     Type
   528 ;;		None
   529 ;; Return value:  Size  Location     Type
   530 ;;                  1    wreg      void 
   531 ;; Registers used:
   532 ;;		None
   533 ;; Tracked objects:
   534 ;;		On entry : 0/0
   535 ;;		On exit  : 0/0
   536 ;;		Unchanged: 0/0
   537 ;; Data sizes:     COMRAM   BANK0   BANK1
   538 ;;      Params:         0       0       0
   539 ;;      Locals:         0       0       0
   540 ;;      Temps:          0       0       0
   541 ;;      Totals:         0       0       0
   542 ;;Total ram usage:        0 bytes
   543 ;; Hardware stack levels used:    1
   544 ;; Hardware stack levels required when called:    2
   545 ;; This function calls:
   546 ;;		Nothing
   547 ;; This function is called by:
   548 ;;		_SYSTEM_Initialize
   549 ;; This function uses a non-reentrant model
   550 ;;
   551                           
   552                           	psect	text4
   553  00020C                     __ptext4:
   554                           	opt callstack 0
   555  00020C                     _INTERRUPT_Initialize:
   556                           	opt callstack 27
   557  00020C                     
   558                           ;mcc_generated_files/interrupt_manager.c: 55:     RCONbits.IPEN = 0;
   559  00020C  9ED0               	bcf	208,7,c	;volatile
   560  00020E  0012               	return		;funcret
   561  000210                     __end_of_INTERRUPT_Initialize:
   562                           	opt callstack 0
   563                           
   564 ;; *************** function _EUSART2_Initialize *****************
   565 ;; Defined at:
   566 ;;		line 66 in file "mcc_generated_files/eusart2.c"
   567 ;; Parameters:    Size  Location     Type
   568 ;;		None
   569 ;; Auto vars:     Size  Location     Type
   570 ;;		None
   571 ;; Return value:  Size  Location     Type
   572 ;;                  1    wreg      void 
   573 ;; Registers used:
   574 ;;		wreg, status,2, status,0, cstack
   575 ;; Tracked objects:
   576 ;;		On entry : 0/0
   577 ;;		On exit  : 0/0
   578 ;;		Unchanged: 0/0
   579 ;; Data sizes:     COMRAM   BANK0   BANK1
   580 ;;      Params:         0       0       0
   581 ;;      Locals:         0       0       0
   582 ;;      Temps:          0       0       0
   583 ;;      Totals:         0       0       0
   584 ;;Total ram usage:        0 bytes
   585 ;; Hardware stack levels used:    1
   586 ;; Hardware stack levels required when called:    3
   587 ;; This function calls:
   588 ;;		_EUSART2_SetErrorHandler
   589 ;;		_EUSART2_SetFramingErrorHandler
   590 ;;		_EUSART2_SetOverrunErrorHandler
   591 ;; This function is called by:
   592 ;;		_SYSTEM_Initialize
   593 ;; This function uses a non-reentrant model
   594 ;;
   595                           
   596                           	psect	text5
   597  0000CA                     __ptext5:
   598                           	opt callstack 0
   599  0000CA                     _EUSART2_Initialize:
   600                           	opt callstack 26
   601  0000CA                     
   602                           ;mcc_generated_files/eusart2.c: 71:     BAUDCON2 = 0x08;
   603  0000CA  0E08               	movlw	8
   604  0000CC  6E70               	movwf	112,c	;volatile
   605                           
   606                           ;mcc_generated_files/eusart2.c: 74:     RCSTA2 = 0x90;
   607  0000CE  0E90               	movlw	144
   608  0000D0  6E71               	movwf	113,c	;volatile
   609                           
   610                           ;mcc_generated_files/eusart2.c: 77:     TXSTA2 = 0x24;
   611  0000D2  0E24               	movlw	36
   612  0000D4  6E72               	movwf	114,c	;volatile
   613                           
   614                           ;mcc_generated_files/eusart2.c: 80:     SPBRG2 = 0x06;
   615  0000D6  0E06               	movlw	6
   616  0000D8  6E75               	movwf	117,c	;volatile
   617                           
   618                           ;mcc_generated_files/eusart2.c: 83:     SPBRGH2 = 0x00;
   619  0000DA  0E00               	movlw	0
   620  0000DC  6E76               	movwf	118,c	;volatile
   621  0000DE                     
   622                           ;mcc_generated_files/eusart2.c: 86:     EUSART2_SetFramingErrorHandler(EUSART2_DefaultFr
      +                          amingErrorHandler);
   623  0000DE  0E00               	movlw	0
   624  0000E0  6E0D               	movwf	EUSART2_SetFramingErrorHandler@interruptHandler^0,c
   625  0000E2  0E00               	movlw	0
   626  0000E4  6E0E               	movwf	(EUSART2_SetFramingErrorHandler@interruptHandler+1)^0,c
   627  0000E6  ECED  F000         	call	_EUSART2_SetFramingErrorHandler	;wreg free
   628  0000EA                     
   629                           ;mcc_generated_files/eusart2.c: 87:     EUSART2_SetOverrunErrorHandler(EUSART2_DefaultOv
      +                          errunErrorHandler);
   630  0000EA  0E00               	movlw	0
   631  0000EC  6E0D               	movwf	EUSART2_SetOverrunErrorHandler@interruptHandler^0,c
   632  0000EE  0E00               	movlw	0
   633  0000F0  6E0E               	movwf	(EUSART2_SetOverrunErrorHandler@interruptHandler+1)^0,c
   634  0000F2  ECE8  F000         	call	_EUSART2_SetOverrunErrorHandler	;wreg free
   635  0000F6                     
   636                           ;mcc_generated_files/eusart2.c: 88:     EUSART2_SetErrorHandler(EUSART2_DefaultErrorHand
      +                          ler);
   637  0000F6  0E00               	movlw	0
   638  0000F8  6E0D               	movwf	EUSART2_SetErrorHandler@interruptHandler^0,c
   639  0000FA  0E00               	movlw	0
   640  0000FC  6E0E               	movwf	(EUSART2_SetErrorHandler@interruptHandler+1)^0,c
   641  0000FE  ECF2  F000         	call	_EUSART2_SetErrorHandler	;wreg free
   642  000102                     
   643                           ;mcc_generated_files/eusart2.c: 90:     eusart2RxLastError.status = 0;
   644  000102  0E00               	movlw	0
   645  000104  6E19               	movwf	_eusart2RxLastError^0,c	;volatile
   646  000106  0012               	return		;funcret
   647  000108                     __end_of_EUSART2_Initialize:
   648                           	opt callstack 0
   649                           
   650 ;; *************** function _EUSART2_SetOverrunErrorHandler *****************
   651 ;; Defined at:
   652 ;;		line 161 in file "mcc_generated_files/eusart2.c"
   653 ;; Parameters:    Size  Location     Type
   654 ;;  interruptHan    2    0[COMRAM] PTR FTN()void 
   655 ;;		 -> EUSART2_DefaultOverrunErrorHandler(1), 
   656 ;; Auto vars:     Size  Location     Type
   657 ;;		None
   658 ;; Return value:  Size  Location     Type
   659 ;;                  1    wreg      void 
   660 ;; Registers used:
   661 ;;		wreg, status,2, status,0
   662 ;; Tracked objects:
   663 ;;		On entry : 0/0
   664 ;;		On exit  : 0/0
   665 ;;		Unchanged: 0/0
   666 ;; Data sizes:     COMRAM   BANK0   BANK1
   667 ;;      Params:         2       0       0
   668 ;;      Locals:         0       0       0
   669 ;;      Temps:          0       0       0
   670 ;;      Totals:         2       0       0
   671 ;;Total ram usage:        2 bytes
   672 ;; Hardware stack levels used:    1
   673 ;; Hardware stack levels required when called:    2
   674 ;; This function calls:
   675 ;;		Nothing
   676 ;; This function is called by:
   677 ;;		_EUSART2_Initialize
   678 ;; This function uses a non-reentrant model
   679 ;;
   680                           
   681                           	psect	text6
   682  0001D0                     __ptext6:
   683                           	opt callstack 0
   684  0001D0                     _EUSART2_SetOverrunErrorHandler:
   685                           	opt callstack 26
   686  0001D0                     
   687                           ;mcc_generated_files/eusart2.c: 162:     EUSART2_OverrunErrorHandler = interruptHandler;
   688  0001D0  C00D  F003         	movff	EUSART2_SetOverrunErrorHandler@interruptHandler,_EUSART2_OverrunErrorHandler
   689  0001D4  C00E  F004         	movff	EUSART2_SetOverrunErrorHandler@interruptHandler+1,_EUSART2_OverrunErrorHandler+1
   690  0001D8  0012               	return		;funcret
   691  0001DA                     __end_of_EUSART2_SetOverrunErrorHandler:
   692                           	opt callstack 0
   693                           
   694 ;; *************** function _EUSART2_SetFramingErrorHandler *****************
   695 ;; Defined at:
   696 ;;		line 157 in file "mcc_generated_files/eusart2.c"
   697 ;; Parameters:    Size  Location     Type
   698 ;;  interruptHan    2    0[COMRAM] PTR FTN()void 
   699 ;;		 -> EUSART2_DefaultFramingErrorHandler(1), 
   700 ;; Auto vars:     Size  Location     Type
   701 ;;		None
   702 ;; Return value:  Size  Location     Type
   703 ;;                  1    wreg      void 
   704 ;; Registers used:
   705 ;;		wreg, status,2, status,0
   706 ;; Tracked objects:
   707 ;;		On entry : 0/0
   708 ;;		On exit  : 0/0
   709 ;;		Unchanged: 0/0
   710 ;; Data sizes:     COMRAM   BANK0   BANK1
   711 ;;      Params:         2       0       0
   712 ;;      Locals:         0       0       0
   713 ;;      Temps:          0       0       0
   714 ;;      Totals:         2       0       0
   715 ;;Total ram usage:        2 bytes
   716 ;; Hardware stack levels used:    1
   717 ;; Hardware stack levels required when called:    2
   718 ;; This function calls:
   719 ;;		Nothing
   720 ;; This function is called by:
   721 ;;		_EUSART2_Initialize
   722 ;; This function uses a non-reentrant model
   723 ;;
   724                           
   725                           	psect	text7
   726  0001DA                     __ptext7:
   727                           	opt callstack 0
   728  0001DA                     _EUSART2_SetFramingErrorHandler:
   729                           	opt callstack 26
   730  0001DA                     
   731                           ;mcc_generated_files/eusart2.c: 158:     EUSART2_FramingErrorHandler = interruptHandler;
   732  0001DA  C00D  F005         	movff	EUSART2_SetFramingErrorHandler@interruptHandler,_EUSART2_FramingErrorHandler
   733  0001DE  C00E  F006         	movff	EUSART2_SetFramingErrorHandler@interruptHandler+1,_EUSART2_FramingErrorHandler+1
   734  0001E2  0012               	return		;funcret
   735  0001E4                     __end_of_EUSART2_SetFramingErrorHandler:
   736                           	opt callstack 0
   737                           
   738 ;; *************** function _EUSART2_SetErrorHandler *****************
   739 ;; Defined at:
   740 ;;		line 165 in file "mcc_generated_files/eusart2.c"
   741 ;; Parameters:    Size  Location     Type
   742 ;;  interruptHan    2    0[COMRAM] PTR FTN()void 
   743 ;;		 -> EUSART2_DefaultErrorHandler(1), 
   744 ;; Auto vars:     Size  Location     Type
   745 ;;		None
   746 ;; Return value:  Size  Location     Type
   747 ;;                  1    wreg      void 
   748 ;; Registers used:
   749 ;;		wreg, status,2, status,0
   750 ;; Tracked objects:
   751 ;;		On entry : 0/0
   752 ;;		On exit  : 0/0
   753 ;;		Unchanged: 0/0
   754 ;; Data sizes:     COMRAM   BANK0   BANK1
   755 ;;      Params:         2       0       0
   756 ;;      Locals:         0       0       0
   757 ;;      Temps:          0       0       0
   758 ;;      Totals:         2       0       0
   759 ;;Total ram usage:        2 bytes
   760 ;; Hardware stack levels used:    1
   761 ;; Hardware stack levels required when called:    2
   762 ;; This function calls:
   763 ;;		Nothing
   764 ;; This function is called by:
   765 ;;		_EUSART2_Initialize
   766 ;; This function uses a non-reentrant model
   767 ;;
   768                           
   769                           	psect	text8
   770  0001E4                     __ptext8:
   771                           	opt callstack 0
   772  0001E4                     _EUSART2_SetErrorHandler:
   773                           	opt callstack 26
   774  0001E4                     
   775                           ;mcc_generated_files/eusart2.c: 166:     EUSART2_ErrorHandler = interruptHandler;
   776  0001E4  C00D  F001         	movff	EUSART2_SetErrorHandler@interruptHandler,_EUSART2_ErrorHandler
   777  0001E8  C00E  F002         	movff	EUSART2_SetErrorHandler@interruptHandler+1,_EUSART2_ErrorHandler+1
   778  0001EC  0012               	return		;funcret
   779  0001EE                     __end_of_EUSART2_SetErrorHandler:
   780                           	opt callstack 0
   781                           
   782 ;; *************** function _EUSART1_Initialize *****************
   783 ;; Defined at:
   784 ;;		line 66 in file "mcc_generated_files/eusart1.c"
   785 ;; Parameters:    Size  Location     Type
   786 ;;		None
   787 ;; Auto vars:     Size  Location     Type
   788 ;;		None
   789 ;; Return value:  Size  Location     Type
   790 ;;                  1    wreg      void 
   791 ;; Registers used:
   792 ;;		wreg, status,2, status,0, cstack
   793 ;; Tracked objects:
   794 ;;		On entry : 0/0
   795 ;;		On exit  : 0/0
   796 ;;		Unchanged: 0/0
   797 ;; Data sizes:     COMRAM   BANK0   BANK1
   798 ;;      Params:         0       0       0
   799 ;;      Locals:         0       0       0
   800 ;;      Temps:          0       0       0
   801 ;;      Totals:         0       0       0
   802 ;;Total ram usage:        0 bytes
   803 ;; Hardware stack levels used:    1
   804 ;; Hardware stack levels required when called:    3
   805 ;; This function calls:
   806 ;;		_EUSART1_SetErrorHandler
   807 ;;		_EUSART1_SetFramingErrorHandler
   808 ;;		_EUSART1_SetOverrunErrorHandler
   809 ;; This function is called by:
   810 ;;		_SYSTEM_Initialize
   811 ;; This function uses a non-reentrant model
   812 ;;
   813                           
   814                           	psect	text9
   815  000108                     __ptext9:
   816                           	opt callstack 0
   817  000108                     _EUSART1_Initialize:
   818                           	opt callstack 26
   819  000108                     
   820                           ;mcc_generated_files/eusart1.c: 71:     BAUDCON1 = 0x08;
   821  000108  0E08               	movlw	8
   822  00010A  6EB8               	movwf	184,c	;volatile
   823                           
   824                           ;mcc_generated_files/eusart1.c: 74:     RCSTA1 = 0x90;
   825  00010C  0E90               	movlw	144
   826  00010E  6EAB               	movwf	171,c	;volatile
   827                           
   828                           ;mcc_generated_files/eusart1.c: 77:     TXSTA1 = 0x24;
   829  000110  0E24               	movlw	36
   830  000112  6EAC               	movwf	172,c	;volatile
   831                           
   832                           ;mcc_generated_files/eusart1.c: 80:     SPBRG1 = 0x06;
   833  000114  0E06               	movlw	6
   834  000116  6EAF               	movwf	175,c	;volatile
   835                           
   836                           ;mcc_generated_files/eusart1.c: 83:     SPBRGH1 = 0x00;
   837  000118  0E00               	movlw	0
   838  00011A  6EB0               	movwf	176,c	;volatile
   839  00011C                     
   840                           ;mcc_generated_files/eusart1.c: 86:     EUSART1_SetFramingErrorHandler(EUSART1_DefaultFr
      +                          amingErrorHandler);
   841  00011C  0E00               	movlw	0
   842  00011E  6E0D               	movwf	EUSART1_SetFramingErrorHandler@interruptHandler^0,c
   843  000120  0E00               	movlw	0
   844  000122  6E0E               	movwf	(EUSART1_SetFramingErrorHandler@interruptHandler+1)^0,c
   845  000124  ECFC  F000         	call	_EUSART1_SetFramingErrorHandler	;wreg free
   846  000128                     
   847                           ;mcc_generated_files/eusart1.c: 87:     EUSART1_SetOverrunErrorHandler(EUSART1_DefaultOv
      +                          errunErrorHandler);
   848  000128  0E00               	movlw	0
   849  00012A  6E0D               	movwf	EUSART1_SetOverrunErrorHandler@interruptHandler^0,c
   850  00012C  0E00               	movlw	0
   851  00012E  6E0E               	movwf	(EUSART1_SetOverrunErrorHandler@interruptHandler+1)^0,c
   852  000130  ECF7  F000         	call	_EUSART1_SetOverrunErrorHandler	;wreg free
   853  000134                     
   854                           ;mcc_generated_files/eusart1.c: 88:     EUSART1_SetErrorHandler(EUSART1_DefaultErrorHand
      +                          ler);
   855  000134  0E00               	movlw	0
   856  000136  6E0D               	movwf	EUSART1_SetErrorHandler@interruptHandler^0,c
   857  000138  0E00               	movlw	0
   858  00013A  6E0E               	movwf	(EUSART1_SetErrorHandler@interruptHandler+1)^0,c
   859  00013C  EC01  F001         	call	_EUSART1_SetErrorHandler	;wreg free
   860  000140                     
   861                           ;mcc_generated_files/eusart1.c: 90:     eusart1RxLastError.status = 0;
   862  000140  0E00               	movlw	0
   863  000142  6E1A               	movwf	_eusart1RxLastError^0,c	;volatile
   864  000144  0012               	return		;funcret
   865  000146                     __end_of_EUSART1_Initialize:
   866                           	opt callstack 0
   867                           
   868 ;; *************** function _EUSART1_SetOverrunErrorHandler *****************
   869 ;; Defined at:
   870 ;;		line 170 in file "mcc_generated_files/eusart1.c"
   871 ;; Parameters:    Size  Location     Type
   872 ;;  interruptHan    2    0[COMRAM] PTR FTN()void 
   873 ;;		 -> EUSART1_DefaultOverrunErrorHandler(1), 
   874 ;; Auto vars:     Size  Location     Type
   875 ;;		None
   876 ;; Return value:  Size  Location     Type
   877 ;;                  1    wreg      void 
   878 ;; Registers used:
   879 ;;		wreg, status,2, status,0
   880 ;; Tracked objects:
   881 ;;		On entry : 0/0
   882 ;;		On exit  : 0/0
   883 ;;		Unchanged: 0/0
   884 ;; Data sizes:     COMRAM   BANK0   BANK1
   885 ;;      Params:         2       0       0
   886 ;;      Locals:         0       0       0
   887 ;;      Temps:          0       0       0
   888 ;;      Totals:         2       0       0
   889 ;;Total ram usage:        2 bytes
   890 ;; Hardware stack levels used:    1
   891 ;; Hardware stack levels required when called:    2
   892 ;; This function calls:
   893 ;;		Nothing
   894 ;; This function is called by:
   895 ;;		_EUSART1_Initialize
   896 ;; This function uses a non-reentrant model
   897 ;;
   898                           
   899                           	psect	text10
   900  0001EE                     __ptext10:
   901                           	opt callstack 0
   902  0001EE                     _EUSART1_SetOverrunErrorHandler:
   903                           	opt callstack 26
   904  0001EE                     
   905                           ;mcc_generated_files/eusart1.c: 171:     EUSART1_OverrunErrorHandler = interruptHandler;
   906  0001EE  C00D  F009         	movff	EUSART1_SetOverrunErrorHandler@interruptHandler,_EUSART1_OverrunErrorHandler
   907  0001F2  C00E  F00A         	movff	EUSART1_SetOverrunErrorHandler@interruptHandler+1,_EUSART1_OverrunErrorHandler+1
   908  0001F6  0012               	return		;funcret
   909  0001F8                     __end_of_EUSART1_SetOverrunErrorHandler:
   910                           	opt callstack 0
   911                           
   912 ;; *************** function _EUSART1_SetFramingErrorHandler *****************
   913 ;; Defined at:
   914 ;;		line 166 in file "mcc_generated_files/eusart1.c"
   915 ;; Parameters:    Size  Location     Type
   916 ;;  interruptHan    2    0[COMRAM] PTR FTN()void 
   917 ;;		 -> EUSART1_DefaultFramingErrorHandler(1), 
   918 ;; Auto vars:     Size  Location     Type
   919 ;;		None
   920 ;; Return value:  Size  Location     Type
   921 ;;                  1    wreg      void 
   922 ;; Registers used:
   923 ;;		wreg, status,2, status,0
   924 ;; Tracked objects:
   925 ;;		On entry : 0/0
   926 ;;		On exit  : 0/0
   927 ;;		Unchanged: 0/0
   928 ;; Data sizes:     COMRAM   BANK0   BANK1
   929 ;;      Params:         2       0       0
   930 ;;      Locals:         0       0       0
   931 ;;      Temps:          0       0       0
   932 ;;      Totals:         2       0       0
   933 ;;Total ram usage:        2 bytes
   934 ;; Hardware stack levels used:    1
   935 ;; Hardware stack levels required when called:    2
   936 ;; This function calls:
   937 ;;		Nothing
   938 ;; This function is called by:
   939 ;;		_EUSART1_Initialize
   940 ;; This function uses a non-reentrant model
   941 ;;
   942                           
   943                           	psect	text11
   944  0001F8                     __ptext11:
   945                           	opt callstack 0
   946  0001F8                     _EUSART1_SetFramingErrorHandler:
   947                           	opt callstack 26
   948  0001F8                     
   949                           ;mcc_generated_files/eusart1.c: 167:     EUSART1_FramingErrorHandler = interruptHandler;
   950  0001F8  C00D  F00B         	movff	EUSART1_SetFramingErrorHandler@interruptHandler,_EUSART1_FramingErrorHandler
   951  0001FC  C00E  F00C         	movff	EUSART1_SetFramingErrorHandler@interruptHandler+1,_EUSART1_FramingErrorHandler+1
   952  000200  0012               	return		;funcret
   953  000202                     __end_of_EUSART1_SetFramingErrorHandler:
   954                           	opt callstack 0
   955                           
   956 ;; *************** function _EUSART1_SetErrorHandler *****************
   957 ;; Defined at:
   958 ;;		line 174 in file "mcc_generated_files/eusart1.c"
   959 ;; Parameters:    Size  Location     Type
   960 ;;  interruptHan    2    0[COMRAM] PTR FTN()void 
   961 ;;		 -> EUSART1_DefaultErrorHandler(1), 
   962 ;; Auto vars:     Size  Location     Type
   963 ;;		None
   964 ;; Return value:  Size  Location     Type
   965 ;;                  1    wreg      void 
   966 ;; Registers used:
   967 ;;		wreg, status,2, status,0
   968 ;; Tracked objects:
   969 ;;		On entry : 0/0
   970 ;;		On exit  : 0/0
   971 ;;		Unchanged: 0/0
   972 ;; Data sizes:     COMRAM   BANK0   BANK1
   973 ;;      Params:         2       0       0
   974 ;;      Locals:         0       0       0
   975 ;;      Temps:          0       0       0
   976 ;;      Totals:         2       0       0
   977 ;;Total ram usage:        2 bytes
   978 ;; Hardware stack levels used:    1
   979 ;; Hardware stack levels required when called:    2
   980 ;; This function calls:
   981 ;;		Nothing
   982 ;; This function is called by:
   983 ;;		_EUSART1_Initialize
   984 ;; This function uses a non-reentrant model
   985 ;;
   986                           
   987                           	psect	text12
   988  000202                     __ptext12:
   989                           	opt callstack 0
   990  000202                     _EUSART1_SetErrorHandler:
   991                           	opt callstack 26
   992  000202                     
   993                           ;mcc_generated_files/eusart1.c: 175:     EUSART1_ErrorHandler = interruptHandler;
   994  000202  C00D  F007         	movff	EUSART1_SetErrorHandler@interruptHandler,_EUSART1_ErrorHandler
   995  000206  C00E  F008         	movff	EUSART1_SetErrorHandler@interruptHandler+1,_EUSART1_ErrorHandler+1
   996  00020A  0012               	return		;funcret
   997  00020C                     __end_of_EUSART1_SetErrorHandler:
   998                           	opt callstack 0
   999                           
  1000 ;; *************** function _EUSART2_Write *****************
  1001 ;; Defined at:
  1002 ;;		line 132 in file "mcc_generated_files/eusart2.c"
  1003 ;; Parameters:    Size  Location     Type
  1004 ;;  txData          1    wreg     unsigned char 
  1005 ;; Auto vars:     Size  Location     Type
  1006 ;;  txData          1    0[COMRAM] unsigned char 
  1007 ;; Return value:  Size  Location     Type
  1008 ;;                  1    wreg      void 
  1009 ;; Registers used:
  1010 ;;		wreg
  1011 ;; Tracked objects:
  1012 ;;		On entry : 0/0
  1013 ;;		On exit  : 0/0
  1014 ;;		Unchanged: 0/0
  1015 ;; Data sizes:     COMRAM   BANK0   BANK1
  1016 ;;      Params:         0       0       0
  1017 ;;      Locals:         1       0       0
  1018 ;;      Temps:          0       0       0
  1019 ;;      Totals:         1       0       0
  1020 ;;Total ram usage:        1 bytes
  1021 ;; Hardware stack levels used:    1
  1022 ;; Hardware stack levels required when called:    2
  1023 ;; This function calls:
  1024 ;;		Nothing
  1025 ;; This function is called by:
  1026 ;;		_main
  1027 ;; This function uses a non-reentrant model
  1028 ;;
  1029                           
  1030                           	psect	text13
  1031  000184                     __ptext13:
  1032                           	opt callstack 0
  1033  000184                     _EUSART2_Write:
  1034                           	opt callstack 28
  1035                           
  1036                           ;incstack = 0
  1037                           ;EUSART2_Write@txData stored from wreg
  1038  000184  6E0D               	movwf	EUSART2_Write@txData^0,c
  1039  000186                     l257:
  1040                           
  1041                           ;mcc_generated_files/eusart2.c: 134:     while(0 == PIR3bits.TX2IF)
  1042  000186  A8A4               	btfss	164,4,c	;volatile
  1043  000188  EFC8  F000         	goto	u41
  1044  00018C  EFCA  F000         	goto	u40
  1045  000190                     u41:
  1046  000190  EFC3  F000         	goto	l257
  1047  000194                     u40:
  1048  000194                     
  1049                           ;mcc_generated_files/eusart2.c: 138:     TXREG2 = txData;
  1050  000194  C00D  FF73         	movff	EUSART2_Write@txData,3955	;volatile
  1051  000198  0012               	return		;funcret
  1052  00019A                     __end_of_EUSART2_Write:
  1053                           	opt callstack 0
  1054                           
  1055 ;; *************** function _EUSART1_Write *****************
  1056 ;; Defined at:
  1057 ;;		line 132 in file "mcc_generated_files/eusart1.c"
  1058 ;; Parameters:    Size  Location     Type
  1059 ;;  txData          1    wreg     unsigned char 
  1060 ;; Auto vars:     Size  Location     Type
  1061 ;;  txData          1    0[COMRAM] unsigned char 
  1062 ;; Return value:  Size  Location     Type
  1063 ;;                  1    wreg      void 
  1064 ;; Registers used:
  1065 ;;		wreg
  1066 ;; Tracked objects:
  1067 ;;		On entry : 0/0
  1068 ;;		On exit  : 0/0
  1069 ;;		Unchanged: 0/0
  1070 ;; Data sizes:     COMRAM   BANK0   BANK1
  1071 ;;      Params:         0       0       0
  1072 ;;      Locals:         1       0       0
  1073 ;;      Temps:          0       0       0
  1074 ;;      Totals:         1       0       0
  1075 ;;Total ram usage:        1 bytes
  1076 ;; Hardware stack levels used:    1
  1077 ;; Hardware stack levels required when called:    2
  1078 ;; This function calls:
  1079 ;;		Nothing
  1080 ;; This function is called by:
  1081 ;;		_main
  1082 ;;		_putch
  1083 ;; This function uses a non-reentrant model
  1084 ;;
  1085                           
  1086                           	psect	text14
  1087  00019A                     __ptext14:
  1088                           	opt callstack 0
  1089  00019A                     _EUSART1_Write:
  1090                           	opt callstack 28
  1091                           
  1092                           ;incstack = 0
  1093                           ;EUSART1_Write@txData stored from wreg
  1094  00019A  6E0D               	movwf	EUSART1_Write@txData^0,c
  1095  00019C                     l83:
  1096                           
  1097                           ;mcc_generated_files/eusart1.c: 134:     while(0 == PIR1bits.TX1IF)
  1098  00019C  A89E               	btfss	158,4,c	;volatile
  1099  00019E  EFD3  F000         	goto	u11
  1100  0001A2  EFD5  F000         	goto	u10
  1101  0001A6                     u11:
  1102  0001A6  EFCE  F000         	goto	l83
  1103  0001AA                     u10:
  1104  0001AA                     
  1105                           ;mcc_generated_files/eusart1.c: 138:     TXREG1 = txData;
  1106  0001AA  C00D  FFAD         	movff	EUSART1_Write@txData,4013	;volatile
  1107  0001AE  0012               	return		;funcret
  1108  0001B0                     __end_of_EUSART1_Write:
  1109                           	opt callstack 0
  1110                           
  1111 ;; *************** function _EUSART1_Read *****************
  1112 ;; Defined at:
  1113 ;;		line 113 in file "mcc_generated_files/eusart1.c"
  1114 ;; Parameters:    Size  Location     Type
  1115 ;;		None
  1116 ;; Auto vars:     Size  Location     Type
  1117 ;;		None
  1118 ;; Return value:  Size  Location     Type
  1119 ;;                  1    wreg      unsigned char 
  1120 ;; Registers used:
  1121 ;;		wreg, status,2
  1122 ;; Tracked objects:
  1123 ;;		On entry : 0/0
  1124 ;;		On exit  : 0/0
  1125 ;;		Unchanged: 0/0
  1126 ;; Data sizes:     COMRAM   BANK0   BANK1
  1127 ;;      Params:         0       0       0
  1128 ;;      Locals:         0       0       0
  1129 ;;      Temps:          0       0       0
  1130 ;;      Totals:         0       0       0
  1131 ;;Total ram usage:        0 bytes
  1132 ;; Hardware stack levels used:    1
  1133 ;; Hardware stack levels required when called:    2
  1134 ;; This function calls:
  1135 ;;		Nothing
  1136 ;; This function is called by:
  1137 ;;		_main
  1138 ;;		_getch
  1139 ;; This function uses a non-reentrant model
  1140 ;;
  1141                           
  1142                           	psect	text15
  1143  000146                     __ptext15:
  1144                           	opt callstack 0
  1145  000146                     _EUSART1_Read:
  1146                           	opt callstack 28
  1147  000146                     l76:
  1148                           
  1149                           ;mcc_generated_files/eusart1.c: 115:     while(!PIR1bits.RC1IF)
  1150  000146  AA9E               	btfss	158,5,c	;volatile
  1151  000148  EFA8  F000         	goto	u21
  1152  00014C  EFAA  F000         	goto	u20
  1153  000150                     u21:
  1154  000150  EFA3  F000         	goto	l76
  1155  000154                     u20:
  1156  000154                     
  1157                           ;mcc_generated_files/eusart1.c: 119:     eusart1RxLastError.status = 0;
  1158  000154  0E00               	movlw	0
  1159  000156  6E1A               	movwf	_eusart1RxLastError^0,c	;volatile
  1160  000158                     
  1161                           ;mcc_generated_files/eusart1.c: 121:     if(1 == RCSTA1bits.OERR)
  1162  000158  A2AB               	btfss	171,1,c	;volatile
  1163  00015A  EFB1  F000         	goto	u31
  1164  00015E  EFB3  F000         	goto	u30
  1165  000162                     u31:
  1166  000162  EFB5  F000         	goto	l1022
  1167  000166                     u30:
  1168  000166                     
  1169                           ;mcc_generated_files/eusart1.c: 122:     {;mcc_generated_files/eusart1.c: 125:         R
      +                          CSTA1bits.CREN = 0;
  1170  000166  98AB               	bcf	171,4,c	;volatile
  1171                           
  1172                           ;mcc_generated_files/eusart1.c: 126:         RCSTA1bits.CREN = 1;
  1173  000168  88AB               	bsf	171,4,c	;volatile
  1174  00016A                     l1022:
  1175                           
  1176                           ;mcc_generated_files/eusart1.c: 129:     return RCREG1;
  1177  00016A  50AE               	movf	174,w,c	;volatile
  1178  00016C  0012               	return		;funcret
  1179  00016E                     __end_of_EUSART1_Read:
  1180                           	opt callstack 0
  1181                           
  1182 ;; *************** function _INTERRUPT_InterruptManager *****************
  1183 ;; Defined at:
  1184 ;;		line 58 in file "mcc_generated_files/interrupt_manager.c"
  1185 ;; Parameters:    Size  Location     Type
  1186 ;;		None
  1187 ;; Auto vars:     Size  Location     Type
  1188 ;;		None
  1189 ;; Return value:  Size  Location     Type
  1190 ;;                  1    wreg      void 
  1191 ;; Registers used:
  1192 ;;		cstack
  1193 ;; Tracked objects:
  1194 ;;		On entry : 0/0
  1195 ;;		On exit  : 0/0
  1196 ;;		Unchanged: 0/0
  1197 ;; Data sizes:     COMRAM   BANK0   BANK1
  1198 ;;      Params:         0       0       0
  1199 ;;      Locals:         0       0       0
  1200 ;;      Temps:          0       0       0
  1201 ;;      Totals:         0       0       0
  1202 ;;Total ram usage:        0 bytes
  1203 ;; Hardware stack levels used:    1
  1204 ;; Hardware stack levels required when called:    1
  1205 ;; This function calls:
  1206 ;;		_PIN_MANAGER_IOC
  1207 ;; This function is called by:
  1208 ;;		Interrupt level 2
  1209 ;; This function uses a non-reentrant model
  1210 ;;
  1211                           
  1212                           	psect	intcode
  1213  000008                     __pintcode:
  1214                           	opt callstack 0
  1215  000008                     _INTERRUPT_InterruptManager:
  1216                           	opt callstack 26
  1217                           
  1218                           ;incstack = 0
  1219  000008  821B               	bsf	int$flags,1,c	;set compiler interrupt flag (level 2)
  1220  00000A                     
  1221                           ;mcc_generated_files/interrupt_manager.c: 61:     if(INTCONbits.RBIE == 1 && INTCONbits.
      +                          RBIF == 1)
  1222  00000A  A6F2               	btfss	242,3,c	;volatile
  1223  00000C  EF0A  F000         	goto	i2u7_41
  1224  000010  EF0C  F000         	goto	i2u7_40
  1225  000014                     i2u7_41:
  1226  000014  EF15  F000         	goto	i2l126
  1227  000018                     i2u7_40:
  1228  000018  A0F2               	btfss	242,0,c	;volatile
  1229  00001A  EF11  F000         	goto	i2u8_41
  1230  00001E  EF13  F000         	goto	i2u8_40
  1231  000022                     i2u8_41:
  1232  000022  EF15  F000         	goto	i2l126
  1233  000026                     i2u8_40:
  1234  000026                     
  1235                           ;mcc_generated_files/interrupt_manager.c: 62:     {;mcc_generated_files/interrupt_manage
      +                          r.c: 63:         PIN_MANAGER_IOC();
  1236  000026  EC08  F001         	call	_PIN_MANAGER_IOC	;wreg free
  1237  00002A                     i2l126:
  1238  00002A  921B               	bcf	int$flags,1,c	;clear compiler interrupt flag (level 2)
  1239  00002C  0011               	retfie		f
  1240  00002E                     __end_of_INTERRUPT_InterruptManager:
  1241                           	opt callstack 0
  1242                           
  1243 ;; *************** function _PIN_MANAGER_IOC *****************
  1244 ;; Defined at:
  1245 ;;		line 101 in file "mcc_generated_files/pin_manager.c"
  1246 ;; Parameters:    Size  Location     Type
  1247 ;;		None
  1248 ;; Auto vars:     Size  Location     Type
  1249 ;;		None
  1250 ;; Return value:  Size  Location     Type
  1251 ;;                  1    wreg      void 
  1252 ;; Registers used:
  1253 ;;		None
  1254 ;; Tracked objects:
  1255 ;;		On entry : 0/0
  1256 ;;		On exit  : 0/0
  1257 ;;		Unchanged: 0/0
  1258 ;; Data sizes:     COMRAM   BANK0   BANK1
  1259 ;;      Params:         0       0       0
  1260 ;;      Locals:         0       0       0
  1261 ;;      Temps:          0       0       0
  1262 ;;      Totals:         0       0       0
  1263 ;;Total ram usage:        0 bytes
  1264 ;; Hardware stack levels used:    1
  1265 ;; This function calls:
  1266 ;;		Nothing
  1267 ;; This function is called by:
  1268 ;;		_INTERRUPT_InterruptManager
  1269 ;; This function uses a non-reentrant model
  1270 ;;
  1271                           
  1272                           	psect	text17
  1273  000210                     __ptext17:
  1274                           	opt callstack 0
  1275  000210                     _PIN_MANAGER_IOC:
  1276                           	opt callstack 26
  1277  000210                     
  1278                           ;mcc_generated_files/pin_manager.c: 104:     INTCONbits.RBIF = 0;
  1279  000210  90F2               	bcf	242,0,c	;volatile
  1280  000212  0012               	return		;funcret
  1281  000214                     __end_of_PIN_MANAGER_IOC:
  1282                           	opt callstack 0
  1283  0000                     
  1284                           	psect	rparam
  1285  0000                     
  1286                           	psect	temp
  1287  00001B                     btemp:
  1288                           	opt callstack 0
  1289  00001B                     	ds	1
  1290  0000                     int$flags	set	btemp
  1291  0000                     wtemp8	set	btemp+1
  1292  0000                     ttemp5	set	btemp+1
  1293  0000                     ttemp6	set	btemp+4
  1294  0000                     ttemp7	set	btemp+8
  1295                           tosu	equ	0xFFF
  1296                           tosh	equ	0xFFE
  1297                           tosl	equ	0xFFD
  1298                           stkptr	equ	0xFFC
  1299                           pclatu	equ	0xFFB
  1300                           pclath	equ	0xFFA
  1301                           pcl	equ	0xFF9
  1302                           tblptru	equ	0xFF8
  1303                           tblptrh	equ	0xFF7
  1304                           tblptrl	equ	0xFF6
  1305                           tablat	equ	0xFF5
  1306                           prodh	equ	0xFF4
  1307                           prodl	equ	0xFF3
  1308                           indf0	equ	0xFEF
  1309                           postinc0	equ	0xFEE
  1310                           postdec0	equ	0xFED
  1311                           preinc0	equ	0xFEC
  1312                           plusw0	equ	0xFEB
  1313                           fsr0h	equ	0xFEA
  1314                           fsr0l	equ	0xFE9
  1315                           wreg	equ	0xFE8
  1316                           indf1	equ	0xFE7
  1317                           postinc1	equ	0xFE6
  1318                           postdec1	equ	0xFE5
  1319                           preinc1	equ	0xFE4
  1320                           plusw1	equ	0xFE3
  1321                           fsr1h	equ	0xFE2
  1322                           fsr1l	equ	0xFE1
  1323                           bsr	equ	0xFE0
  1324                           indf2	equ	0xFDF
  1325                           postinc2	equ	0xFDE
  1326                           postdec2	equ	0xFDD
  1327                           preinc2	equ	0xFDC
  1328                           plusw2	equ	0xFDB
  1329                           fsr2h	equ	0xFDA
  1330                           fsr2l	equ	0xFD9
  1331                           status	equ	0xFD8


Data Sizes:
    Strings     0
    Constant    0
    Data        0
    BSS         2
    Persistent  12
    Stack       0

Auto Spaces:
    Space          Size  Autos    Used
    COMRAM           94     12      26
    BANK0           160      0       0
    BANK1           256      0       0

Pointer List with Targets:

    EUSART2_SetErrorHandler@interruptHandler	PTR FTN()void  size(2) Largest target is 1
		 -> EUSART2_DefaultErrorHandler(), 

    EUSART2_ErrorHandler	PTR FTN()void  size(2) Largest target is 1
		 -> Absolute function(), EUSART2_DefaultErrorHandler(), 

    EUSART2_SetOverrunErrorHandler@interruptHandler	PTR FTN()void  size(2) Largest target is 1
		 -> EUSART2_DefaultOverrunErrorHandler(), 

    EUSART2_OverrunErrorHandler	PTR FTN()void  size(2) Largest target is 1
		 -> Absolute function(), EUSART2_DefaultOverrunErrorHandler(), 

    EUSART2_SetFramingErrorHandler@interruptHandler	PTR FTN()void  size(2) Largest target is 1
		 -> EUSART2_DefaultFramingErrorHandler(), 

    EUSART2_FramingErrorHandler	PTR FTN()void  size(2) Largest target is 1
		 -> Absolute function(), EUSART2_DefaultFramingErrorHandler(), 

    EUSART1_SetErrorHandler@interruptHandler	PTR FTN()void  size(2) Largest target is 1
		 -> EUSART1_DefaultErrorHandler(), 

    EUSART1_ErrorHandler	PTR FTN()void  size(2) Largest target is 1
		 -> Absolute function(), EUSART1_DefaultErrorHandler(), 

    EUSART1_SetOverrunErrorHandler@interruptHandler	PTR FTN()void  size(2) Largest target is 1
		 -> EUSART1_DefaultOverrunErrorHandler(), 

    EUSART1_OverrunErrorHandler	PTR FTN()void  size(2) Largest target is 1
		 -> Absolute function(), EUSART1_DefaultOverrunErrorHandler(), 

    EUSART1_SetFramingErrorHandler@interruptHandler	PTR FTN()void  size(2) Largest target is 1
		 -> EUSART1_DefaultFramingErrorHandler(), 

    EUSART1_FramingErrorHandler	PTR FTN()void  size(2) Largest target is 1
		 -> Absolute function(), EUSART1_DefaultFramingErrorHandler(), 


Critical Paths under _main in COMRAM

    _EUSART2_Initialize->_EUSART2_SetErrorHandler
    _EUSART2_Initialize->_EUSART2_SetFramingErrorHandler
    _EUSART2_Initialize->_EUSART2_SetOverrunErrorHandler
    _EUSART1_Initialize->_EUSART1_SetErrorHandler
    _EUSART1_Initialize->_EUSART1_SetFramingErrorHandler
    _EUSART1_Initialize->_EUSART1_SetOverrunErrorHandler

Critical Paths under _INTERRUPT_InterruptManager in COMRAM

    None.

Critical Paths under _main in BANK0

    None.

Critical Paths under _INTERRUPT_InterruptManager in BANK0

    None.

Critical Paths under _main in BANK1

    None.

Critical Paths under _INTERRUPT_InterruptManager in BANK1

    None.

Call Graph Tables:

 ---------------------------------------------------------------------------------
 (Depth) Function   	        Calls       Base Space   Used Autos Params    Refs
 ---------------------------------------------------------------------------------
 (0) _main                                                10    10      0     782
                                              2 COMRAM    10    10      0
                       _EUSART1_Read
                      _EUSART1_Write
                      _EUSART2_Write
                  _SYSTEM_Initialize
 ---------------------------------------------------------------------------------
 (1) _SYSTEM_Initialize                                    0     0      0     588
                 _EUSART1_Initialize
                 _EUSART2_Initialize
               _INTERRUPT_Initialize
              _OSCILLATOR_Initialize
             _PIN_MANAGER_Initialize
 ---------------------------------------------------------------------------------
 (2) _PIN_MANAGER_Initialize                               0     0      0       0
 ---------------------------------------------------------------------------------
 (2) _OSCILLATOR_Initialize                                0     0      0       0
 ---------------------------------------------------------------------------------
 (2) _INTERRUPT_Initialize                                 0     0      0       0
 ---------------------------------------------------------------------------------
 (2) _EUSART2_Initialize                                   0     0      0     294
            _EUSART2_SetErrorHandler
     _EUSART2_SetFramingErrorHandler
     _EUSART2_SetOverrunErrorHandler
 ---------------------------------------------------------------------------------
 (3) _EUSART2_SetOverrunErrorHandler                       2     0      2      98
                                              0 COMRAM     2     0      2
 ---------------------------------------------------------------------------------
 (3) _EUSART2_SetFramingErrorHandler                       2     0      2      98
                                              0 COMRAM     2     0      2
 ---------------------------------------------------------------------------------
 (3) _EUSART2_SetErrorHandler                              2     0      2      98
                                              0 COMRAM     2     0      2
 ---------------------------------------------------------------------------------
 (2) _EUSART1_Initialize                                   0     0      0     294
            _EUSART1_SetErrorHandler
     _EUSART1_SetFramingErrorHandler
     _EUSART1_SetOverrunErrorHandler
 ---------------------------------------------------------------------------------
 (3) _EUSART1_SetOverrunErrorHandler                       2     0      2      98
                                              0 COMRAM     2     0      2
 ---------------------------------------------------------------------------------
 (3) _EUSART1_SetFramingErrorHandler                       2     0      2      98
                                              0 COMRAM     2     0      2
 ---------------------------------------------------------------------------------
 (3) _EUSART1_SetErrorHandler                              2     0      2      98
                                              0 COMRAM     2     0      2
 ---------------------------------------------------------------------------------
 (1) _EUSART2_Write                                        1     1      0      15
                                              0 COMRAM     1     1      0
 ---------------------------------------------------------------------------------
 (1) _EUSART1_Write                                        1     1      0      15
                                              0 COMRAM     1     1      0
 ---------------------------------------------------------------------------------
 (1) _EUSART1_Read                                         0     0      0       0
 ---------------------------------------------------------------------------------
 Estimated maximum stack depth 3
 ---------------------------------------------------------------------------------
 (Depth) Function   	        Calls       Base Space   Used Autos Params    Refs
 ---------------------------------------------------------------------------------
 (4) _INTERRUPT_InterruptManager                           0     0      0       0
                    _PIN_MANAGER_IOC
 ---------------------------------------------------------------------------------
 (5) _PIN_MANAGER_IOC                                      0     0      0       0
 ---------------------------------------------------------------------------------
 Estimated maximum stack depth 5
 ---------------------------------------------------------------------------------

 Call Graph Graphs:

 _main (ROOT)
   _EUSART1_Read
   _EUSART1_Write
   _EUSART2_Write
   _SYSTEM_Initialize
     _EUSART1_Initialize
       _EUSART1_SetErrorHandler
       _EUSART1_SetFramingErrorHandler
       _EUSART1_SetOverrunErrorHandler
     _EUSART2_Initialize
       _EUSART2_SetErrorHandler
       _EUSART2_SetFramingErrorHandler
       _EUSART2_SetOverrunErrorHandler
     _INTERRUPT_Initialize
     _OSCILLATOR_Initialize
     _PIN_MANAGER_Initialize

 _INTERRUPT_InterruptManager (ROOT)
   _PIN_MANAGER_IOC

 Address spaces:
Name               Size   Autos  Total    Cost      Usage
BIGRAM             1FF      0       0       8        0.0%
EEDATA             100      0       0       0        0.0%
BITBANK1           100      0       0       7        0.0%
BANK1              100      0       0       5        0.0%
BITBANK0            A0      0       0       3        0.0%
BANK0               A0      0       0       4        0.0%
BITCOMRAM           5E      0       0       0        0.0%
COMRAM              5E      C      1A       1       27.7%
BITSFR_1             0      0       0     200        0.0%
SFR_1                0      0       0     200        0.0%
BITSFR               0      0       0     200        0.0%
SFR                  0      0       0     200        0.0%
STACK                0      0       0       2        0.0%
NULL                 0      0       0       0        0.0%
ABS                  0      0      1A       6        0.0%
DATA                 0      0      1A       9        0.0%
CODE                 0      0       0       0        0.0%


Microchip Technology PIC18 Macro Assembler V2.10 build 88905656 
Symbol Table                                                                                   Sat Mar 28 13:31:09 2020

                                            l13 007E                                              l14 007E  
                                            l80 016C                                              l83 019C  
                                            l59 0144                                              l76 0146  
                                            l86 01AE                                              u10 01AA  
                                            u11 01A6                                              u20 0154  
                                            u21 0150                                              u30 0166  
                                            u31 0162                                              u40 0194  
                                            u41 0190                                    __CFG_CP0$OFF 000000  
                                  __CFG_CP1$OFF 000000                                             l110 020A  
                                           l104 0200                                             l107 01F6  
                                           l119 020E                                             l233 0106  
                                           l145 0182                                             l260 0198  
                                           l148 01CE                                             l272 01E2  
                                           l257 0186                                             l275 01D8  
                                           l187 00C8                                             l278 01EC  
                                           l980 009E                                             l982 00A0  
                                           l976 020C                                             l984 00C4  
                                           l986 00C6                                             l978 0086  
                                           l988 01C2                                    __CFG_CPB$OFF 000000  
                                  __CFG_CPD$OFF 000000          __end_of_EUSART2_SetFramingErrorHandler 01E4  
       __size_of_EUSART2_SetFramingErrorHandler 000A                  _EUSART2_SetFramingErrorHandler 01DA  
                                    _TXSTA1bits 000FAC                                      _TXSTA2bits 000F72  
                                  __CFG_LVP$OFF 000000                                            l1010 019C  
                                          l1020 0166                                            l1012 01AA  
                                          l1022 016A                                            l1014 0146  
                                          l1016 0154                                            l1120 01EE  
                                          l1018 0158                                            l1026 0186  
                                          l1122 0202                                            l1130 0108  
                                          l1028 0194                                            l1132 011C  
                                          l1124 01DA                                            l1140 00CA  
                                          l1118 01F8                                            l1134 0128  
                                          l1126 01D0                                            l1142 00DE  
                                          l1150 016E                                            l1136 0134  
                                          l1128 01E4                                            l1144 00EA  
                                          l1152 0172                                            l1160 0032  
                                          l1138 0140                                            l1146 00F6  
                                          l1154 0176                                            l1170 004E  
                                          l1162 0036                                            l1148 0102  
                                          l1156 017A                                            l1180 006C  
                                          l1172 0054                                            l1164 003C  
                                          l1158 017E                                            l1182 0072  
                                          l1174 005A                                            l1166 0042  
                                          l1184 0078                                            l1176 0060  
                                          l1168 0048                                            l1178 0066  
                                          _LATA 000F89                                            _LATB 000F8A  
                                          _LATC 000F8B                                            _LATD 000F8C  
                                          _LATE 000F8D                                            _WPUB 000F61  
                                 _EUSART1_Write 019A                                   _EUSART2_Write 0184  
                                          _main 0032                                   ?_EUSART1_Read 000D  
                                          btemp 001B                                   __CFG_BORV$190 000000  
                                          start 002E                                   __CFG_IESO$OFF 000000  
                                  ___param_bank 000000                  __size_of_OSCILLATOR_Initialize 000E  
                 __end_of_OSCILLATOR_Initialize 01D0                                           ?_main 000D  
                                __CFG_DEBUG$OFF 000000                                           i2l126 002A  
                                         i2l190 0212                                           _TRISA 000F92  
                                         _TRISB 000F93                                           _TRISC 000F94  
                                         _TRISD 000F95                                           _TRISE 000F96  
                                  main@rec_data 000F                                   __CFG_WRT0$OFF 000000  
                                 __CFG_WRT1$OFF 000000                                  __CFG_EBTR0$OFF 000000  
                                __CFG_FCMEN$OFF 000000                                  __CFG_EBTR1$OFF 000000  
                                 __CFG_WRTB$OFF 000000                                   __CFG_WRTC$OFF 000000  
                                 __CFG_WRTD$OFF 000000                                  __CFG_EBTRB$OFF 000000  
                       __end_of_PIN_MANAGER_IOC 0214                              __CFG_MCLRE$INTMCLR 000000  
                                ?_EUSART1_Write 000D                                  __CFG_BOREN$OFF 000000  
                                ?_EUSART2_Write 000D                                  ??_EUSART1_Read 000D  
                                         ttemp5 001C                                           ttemp6 001F  
                                         ttemp7 0023                                           wtemp8 001C  
                                __CFG_HFOFST$ON 000000              _EUSART1_DefaultFramingErrorHandler 000000  
                                __CFG_PBADEN$ON 000000                                 __initialization 01B0  
                    __end_of_EUSART1_Initialize 0146                                    __end_of_main 0086  
                   ?_INTERRUPT_InterruptManager 000D                                          ??_main 000F  
                                 __activetblptr 000002                     _EUSART2_DefaultErrorHandler 000000  
                    __end_of_EUSART2_Initialize 0108                                          _ANSELA 000F38  
                                        _ANSELB 000F39                                          _ANSELC 000F3A  
                                        _ANSELD 000F3B                                          _ANSELE 000F3C  
                                        i2l1030 0210                                          i2l1082 000A  
                                        i2l1084 0018                                          i2l1086 0026  
                                __CFG_WDTEN$OFF 000000                                          _RCREG1 000FAE  
                                        _RCREG2 000F74                                          _RCSTA1 000FAB  
                                        _RCSTA2 000F71                                          _OSCCON 000FD3  
                                        _SPBRG1 000FAF                                          _SPBRG2 000F75  
                                        i2u7_40 0018                                          i2u7_41 0014  
                                        i2u8_40 0026                                          i2u8_41 0022  
                                        _TXREG1 000FAD                                          _TXREG2 000F73  
                                        _TXSTA1 000FAC                                          _TXSTA2 000F72  
                                __CFG_XINST$OFF 000000                                  __CFG_STVREN$ON 000000  
                      ?_EUSART1_SetErrorHandler 000D                     _EUSART2_FramingErrorHandler 0005  
              ??_EUSART1_SetOverrunErrorHandler 000F                 ?_EUSART1_SetOverrunErrorHandler 000D  
                                        tblptru 000FF8                                 ??_EUSART1_Write 000D  
                               ??_EUSART2_Write 000D                                ?_PIN_MANAGER_IOC 000D  
                 __size_of_INTERRUPT_Initialize 0004                               _SYSTEM_Initialize 016E  
                                    __accesstop 0060                         __end_of__initialization 01B4  
                            ?_SYSTEM_Initialize 000D                                   ___rparam_used 000001  
                                __pcstackCOMRAM 000D                             ??_SYSTEM_Initialize 000F  
                          __end_of_EUSART1_Read 016E                        ?_EUSART2_SetErrorHandler 000D  
                     __end_of_SYSTEM_Initialize 0184                                 __CFG_PLLCFG$OFF 000000  
              ??_EUSART2_SetFramingErrorHandler 000F                 ?_EUSART2_SetFramingErrorHandler 000D  
                                    __pnvCOMRAM 0001                 __end_of_EUSART1_SetErrorHandler 020C  
                            __CFG_CCP2MX$PORTC1 000000                              __CFG_CCP3MX$PORTB5 000000  
        __end_of_EUSART1_SetFramingErrorHandler 0202         __size_of_EUSART1_SetFramingErrorHandler 000A  
                _EUSART1_SetFramingErrorHandler 01F8                                         _OSCCON2 000FD2  
                                       _OSCTUNE 000F9B                                         _SPBRGH1 000FB0  
                                       _SPBRGH2 000F76                                 __CFG_PWRTEN$OFF 000000  
                                       __Hparam 0000                                         __Lparam 0000  
                                       __pcinit 01B0                 __end_of_EUSART2_SetErrorHandler 01EE  
                                       __ramtop 0200                                         __ptext0 0032  
                                       __ptext1 016E                                         __ptext2 0086  
                                       __ptext3 01C2                                         __ptext4 020C  
                                       __ptext5 00CA                                         __ptext6 01D0  
                                       __ptext7 01DA                                         __ptext8 01E4  
                                       __ptext9 0108              _EUSART2_DefaultOverrunErrorHandler 000000  
                         _OSCILLATOR_Initialize 01C2                              _EUSART1_Initialize 0108  
                      ??_PIN_MANAGER_Initialize 000D                      __size_of_SYSTEM_Initialize 0016  
                          end_of_initialization 01B4                             ?_EUSART1_Initialize 000D  
                                 __Lmediumconst 0000                     _EUSART1_OverrunErrorHandler 0009  
                            _EUSART2_Initialize 00CA                           __size_of_EUSART1_Read 0028  
                          ??_EUSART1_Initialize 000F                             ?_EUSART2_Initialize 000D  
              __size_of_EUSART1_SetErrorHandler 000A                             EUSART1_Write@txData 000D  
                          ??_EUSART2_Initialize 000F                                    _EUSART1_Read 0146  
                  __end_of_INTERRUPT_Initialize 0210                          ?_OSCILLATOR_Initialize 000D  
                           start_initialization 01B0                 __size_of_PIN_MANAGER_Initialize 0044  
                         __end_of_EUSART1_Write 01B0                           __end_of_EUSART2_Write 019A  
              __size_of_EUSART2_SetErrorHandler 000A                        __size_of_PIN_MANAGER_IOC 0004  
        __end_of_EUSART2_SetOverrunErrorHandler 01DA         __size_of_EUSART2_SetOverrunErrorHandler 000A  
                _EUSART2_SetOverrunErrorHandler 01D0                                     __pbssCOMRAM 0019  
                           EUSART2_Write@txData 000D                ??_EUSART1_SetFramingErrorHandler 000F  
               ?_EUSART1_SetFramingErrorHandler 000D                          _PIN_MANAGER_Initialize 0086  
                                     __pintcode 0008                    ??_INTERRUPT_InterruptManager 000D  
                              __CFG_PRICLKEN$ON 000000                                        _BAUDCON1 000FB8  
                                      _BAUDCON2 000F70              _EUSART1_DefaultOverrunErrorHandler 000000  
                          _EUSART1_ErrorHandler 0007                         _EUSART1_SetErrorHandler 0202  
                          _INTERRUPT_Initialize 020C         EUSART2_SetErrorHandler@interruptHandler 000D  
       EUSART1_SetErrorHandler@interruptHandler 000D             __size_of_INTERRUPT_InterruptManager 0026  
                                      _PIR1bits 000F9E                                        _PIR3bits 000FA4  
                                      _RCONbits 000FD0                                __CFG_WDTPS$32768 000000  
                             ??_PIN_MANAGER_IOC 000D                                     _INTCON2bits 000FF1  
                         ?_INTERRUPT_Initialize 000D                         _EUSART2_SetErrorHandler 01E4  
                   _EUSART2_OverrunErrorHandler 0003                                        __Hrparam 0000  
                                      __Lrparam 0000                               __CFG_P2BMX$PORTD2 000000  
                       ??_OSCILLATOR_Initialize 000D                     __size_of_EUSART1_Initialize 003E  
                     ??_EUSART1_SetErrorHandler 000F                     _EUSART1_DefaultErrorHandler 000000  
                          _EUSART2_ErrorHandler 0001                                        __ptext10 01EE  
                                      __ptext11 01F8                                        __ptext12 0202  
                                      __ptext13 0184                                        __ptext14 019A  
                                      __ptext15 0146                                        __ptext17 0210  
                   __size_of_EUSART2_Initialize 003E                                   __size_of_main 0054  
            _EUSART2_DefaultFramingErrorHandler 000000  EUSART2_SetOverrunErrorHandler@interruptHandler 000D  
EUSART1_SetOverrunErrorHandler@interruptHandler 000D                                        int$flags 001B  
            __end_of_INTERRUPT_InterruptManager 002E                      _INTERRUPT_InterruptManager 0008  
                   _EUSART1_FramingErrorHandler 000B                ??_EUSART2_SetOverrunErrorHandler 000F  
               ?_EUSART2_SetOverrunErrorHandler 000D                                      _INTCONbits 000FF2  
                        ??_INTERRUPT_Initialize 000D                       ??_EUSART2_SetErrorHandler 000F  
                                      intlevel2 0000                         ?_PIN_MANAGER_Initialize 000D  
        __end_of_EUSART1_SetOverrunErrorHandler 01F8         __size_of_EUSART1_SetOverrunErrorHandler 000A  
                _EUSART1_SetOverrunErrorHandler 01EE                                      _RCSTA1bits 000FAB  
                                    _RCSTA2bits 000F71  EUSART2_SetFramingErrorHandler@interruptHandler 000D  
EUSART1_SetFramingErrorHandler@interruptHandler 000D                          __size_of_EUSART1_Write 0016  
                            _eusart1RxLastError 001A                          __size_of_EUSART2_Write 0016  
                             __CFG_T3CMX$PORTC0 000000                  __end_of_PIN_MANAGER_Initialize 00CA  
                            _eusart2RxLastError 0019                               __CFG_FOSC$INTIO67 000000  
                               _PIN_MANAGER_IOC 0210  
